C:\Users\koman\Desktop\TicTacToe V1.4\TicTacToe\app.js
C:\Users\koman\Desktop\TicTacToe V1.4\TicTacToe\app.js.map
C:\Users\koman\Desktop\TicTacToe V1.4\TicTacToe\AutoNextMoveGenerator.js
C:\Users\koman\Desktop\TicTacToe V1.4\TicTacToe\AutoNextMoveGenerator.js.map
C:\Users\koman\Desktop\TicTacToe V1.4\TicTacToe\Board.js
C:\Users\koman\Desktop\TicTacToe V1.4\TicTacToe\Board.js.map
C:\Users\koman\Desktop\TicTacToe V1.4\TicTacToe\GameManager.js
C:\Users\koman\Desktop\TicTacToe V1.4\TicTacToe\GameManager.js.map
C:\Users\koman\Desktop\TicTacToe V1.4\TicTacToe\HumanPlayer.js
C:\Users\koman\Desktop\TicTacToe V1.4\TicTacToe\HumanPlayer.js.map
C:\Users\koman\Desktop\TicTacToe V1.4\TicTacToe\INextMoveGenerator.js
C:\Users\koman\Desktop\TicTacToe V1.4\TicTacToe\INextMoveGenerator.js.map
C:\Users\koman\Desktop\TicTacToe V1.4\TicTacToe\MachinePlayer.js
C:\Users\koman\Desktop\TicTacToe V1.4\TicTacToe\MachinePlayer.js.map
C:\Users\koman\Desktop\TicTacToe V1.4\TicTacToe\ManualNextMoveGenerator.js
C:\Users\koman\Desktop\TicTacToe V1.4\TicTacToe\ManualNextMoveGenerator.js.map
C:\Users\koman\Desktop\TicTacToe V1.4\TicTacToe\Player.js
C:\Users\koman\Desktop\TicTacToe V1.4\TicTacToe\Player.js.map
C:\Users\koman\Desktop\TicTacToe V1.4\TicTacToe\Score.js
C:\Users\koman\Desktop\TicTacToe V1.4\TicTacToe\Score.js.map
C:\Users\koman\Desktop\TicTacToe V1.4\TicTacToe\SerialDrawer.js
C:\Users\koman\Desktop\TicTacToe V1.4\TicTacToe\SerialDrawer.js.map
C:\Users\koman\Desktop\TicTacToe V1.4\TicTacToe\Sign.js
C:\Users\koman\Desktop\TicTacToe V1.4\TicTacToe\Sign.js.map
